1560358340209	mozrunner::runner	INFO	Running command: "/usr/bin/firefox" "-marionette" "-foreground" "-no-remote" "-profile" "/tmp/rust_mozprofile.uOfBDk96k464"
1560358341242	addons.webextension.screenshots@mozilla.org	WARN	Loading extension 'screenshots@mozilla.org': Reading manifest: Invalid extension permission: mozillaAddons
1560358341242	addons.webextension.screenshots@mozilla.org	WARN	Loading extension 'screenshots@mozilla.org': Reading manifest: Invalid extension permission: resource://pdf.js/
1560358341242	addons.webextension.screenshots@mozilla.org	WARN	Loading extension 'screenshots@mozilla.org': Reading manifest: Invalid extension permission: about:reader*
1560358345211	Marionette	INFO	Listening on port 38103
1560358345234	Marionette	WARN	TLS certificate errors will be ignored for this session
1560358408119	mozrunner::runner	INFO	Running command: "/usr/bin/firefox" "-marionette" "-foreground" "-no-remote" "-profile" "/tmp/rust_mozprofile.AY37AosxS7lA"
1560358408619	addons.webextension.screenshots@mozilla.org	WARN	Loading extension 'screenshots@mozilla.org': Reading manifest: Invalid extension permission: mozillaAddons
1560358408619	addons.webextension.screenshots@mozilla.org	WARN	Loading extension 'screenshots@mozilla.org': Reading manifest: Invalid extension permission: resource://pdf.js/
1560358408619	addons.webextension.screenshots@mozilla.org	WARN	Loading extension 'screenshots@mozilla.org': Reading manifest: Invalid extension permission: about:reader*
1560358411680	Marionette	INFO	Listening on port 35991
1560358411731	Marionette	WARN	TLS certificate errors will be ignored for this session
[Parent 3557, Gecko_IOThread] WARNING: pipe error (60): Connection reset by peer: file /build/firefox-gHMaBx/firefox-67.0.1+build1/ipc/chromium/src/chrome/common/ipc_channel_posix.cc, line 357
1560358425450	Marionette	INFO	Stopped listening on port 38103
1560358426187	Marionette	INFO	Stopped listening on port 35991
1560358549373	mozrunner::runner	INFO	Running command: "/usr/bin/firefox" "-marionette" "-foreground" "-no-remote" "-profile" "/tmp/rust_mozprofile.yLJGmnyghm3I"
1560358549875	addons.webextension.screenshots@mozilla.org	WARN	Loading extension 'screenshots@mozilla.org': Reading manifest: Invalid extension permission: mozillaAddons
1560358549876	addons.webextension.screenshots@mozilla.org	WARN	Loading extension 'screenshots@mozilla.org': Reading manifest: Invalid extension permission: resource://pdf.js/
1560358549876	addons.webextension.screenshots@mozilla.org	WARN	Loading extension 'screenshots@mozilla.org': Reading manifest: Invalid extension permission: about:reader*
1560358553224	Marionette	INFO	Listening on port 33593
1560358553286	Marionette	WARN	TLS certificate errors will be ignored for this session
1560358730373	mozrunner::runner	INFO	Running command: "/usr/bin/firefox" "-marionette" "-foreground" "-no-remote" "-profile" "/tmp/rust_mozprofile.JJx1mNWGjCVY"
1560358730878	addons.webextension.screenshots@mozilla.org	WARN	Loading extension 'screenshots@mozilla.org': Reading manifest: Invalid extension permission: mozillaAddons
1560358730878	addons.webextension.screenshots@mozilla.org	WARN	Loading extension 'screenshots@mozilla.org': Reading manifest: Invalid extension permission: resource://pdf.js/
1560358730878	addons.webextension.screenshots@mozilla.org	WARN	Loading extension 'screenshots@mozilla.org': Reading manifest: Invalid extension permission: about:reader*
1560358734224	Marionette	INFO	Listening on port 38961
1560358734290	Marionette	WARN	TLS certificate errors will be ignored for this session
console.error: BroadcastService: 
  receivedBroadcastMessage: handler for
  remote-settings/monitor_changes
  threw error:
  Message: Error: Polling for changes failed: http://%(server)s/dummy/blocklist//buckets/monitor/collections/changes/records?_expected=%221560339940028%22 is not a valid URL..
  Stack:
    remoteSettingsFunction/remoteSettings.pollChanges@resource://services-settings/remote-settings.js:203:13

console.error: BroadcastService: 
  receivedBroadcastMessage: handler for
  remote-settings/monitor_changes
  threw error:
  Message: Error: Polling for changes failed: http://%(server)s/dummy/blocklist//buckets/monitor/collections/changes/records?_expected=%221560339940028%22 is not a valid URL..
  Stack:
    remoteSettingsFunction/remoteSettings.pollChanges@resource://services-settings/remote-settings.js:203:13


(firefox:5050): GVFS-WARNING **: 22:30:18.938: can't init metadata tree /home/rahul/.local/share/gvfs-metadata/home: open: Permission denied

(firefox:5050): GVFS-WARNING **: 22:30:18.938: can't init metadata tree /home/rahul/.local/share/gvfs-metadata/home: open: Permission denied
[Parent 5050, Gecko_IOThread] WARNING: pipe error (79): Connection reset by peer: file /build/firefox-gHMaBx/firefox-67.0.1+build1/ipc/chromium/src/chrome/common/ipc_channel_posix.cc, line 357
[Parent 5050, Gecko_IOThread] WARNING: pipe error (98): Connection reset by peer: file /build/firefox-gHMaBx/firefox-67.0.1+build1/ipc/chromium/src/chrome/common/ipc_channel_posix.cc, line 357
1560358883035	Marionette	INFO	Stopped listening on port 38961
IPDL protocol error: Handler returned error code!

###!!! [Parent][DispatchAsyncMessage] Error: PLayerTransaction::Msg_ReleaseLayer Processing error: message was deserialized, but the handler returned false (indicating failure)

IPDL protocol error: Handler returned error code!

###!!! [Parent][DispatchAsyncMessage] Error: PLayerTransaction::Msg_ReleaseLayer Processing error: message was deserialized, but the handler returned false (indicating failure)

IPDL protocol error: Handler returned error code!

###!!! [Parent][DispatchAsyncMessage] Error: PLayerTransaction::Msg_ReleaseLayer Processing error: message was deserialized, but the handler returned false (indicating failure)

IPDL protocol error: Handler returned error code!

###!!! [Parent][DispatchAsyncMessage] Error: PLayerTransaction::Msg_ReleaseLayer Processing error: message was deserialized, but the handler returned false (indicating failure)

IPDL protocol error: Handler returned error code!

###!!! [Parent][DispatchAsyncMessage] Error: PLayerTransaction::Msg_ReleaseLayer Processing error: message was deserialized, but the handler returned false (indicating failure)

console.warn: "Error while detaching the thread front: 'detach' request packet to 'server1.conn0.child1/context19' can't be sent as the connection is closed."
[Parent 4701, Gecko_IOThread] WARNING: pipe error (79): Connection reset by peer: file /build/firefox-gHMaBx/firefox-67.0.1+build1/ipc/chromium/src/chrome/common/ipc_channel_posix.cc, line 357
[Parent 4701, Gecko_IOThread] WARNING: pipe error (98): Connection reset by peer: file /build/firefox-gHMaBx/firefox-67.0.1+build1/ipc/chromium/src/chrome/common/ipc_channel_posix.cc, line 357
1560358889629	Marionette	INFO	Stopped listening on port 33593
1560404059341	mozrunner::runner	INFO	Running command: "/usr/bin/firefox" "-marionette" "-foreground" "-no-remote" "-profile" "/tmp/rust_mozprofile.CbxTXJFiPHVT"
1560404059864	addons.webextension.screenshots@mozilla.org	WARN	Loading extension 'screenshots@mozilla.org': Reading manifest: Invalid extension permission: mozillaAddons
1560404059864	addons.webextension.screenshots@mozilla.org	WARN	Loading extension 'screenshots@mozilla.org': Reading manifest: Invalid extension permission: resource://pdf.js/
1560404059864	addons.webextension.screenshots@mozilla.org	WARN	Loading extension 'screenshots@mozilla.org': Reading manifest: Invalid extension permission: about:reader*
1560404063058	Marionette	INFO	Listening on port 34705
1560404063163	Marionette	WARN	TLS certificate errors will be ignored for this session
JavaScript error: resource://activity-stream/lib/ActivityStreamPrefs.jsm, line 23: NS_ERROR_ILLEGAL_VALUE: Component returned failure code: 0x80070057 (NS_ERROR_ILLEGAL_VALUE) [nsIPrefBranch.removeObserver]
[Parent 13279, Gecko_IOThread] WARNING: pipe error (79): Connection reset by peer: file /build/firefox-gHMaBx/firefox-67.0.1+build1/ipc/chromium/src/chrome/common/ipc_channel_posix.cc, line 357
JavaScript error: resource://gre/modules/ExtensionSettingsStore.jsm, line 105: Error: The ExtensionSettingsStore was accessed before the initialize promise resolved.
JavaScript error: resource://gre/modules/Sqlite.jsm, line 834: Error: Connection is not open.
1560404066066	Marionette	INFO	Stopped listening on port 34705
1560404406017	mozrunner::runner	INFO	Running command: "/usr/bin/firefox" "-marionette" "-foreground" "-no-remote" "-profile" "/tmp/rust_mozprofile.dvSgLQd97qYZ"
1560404406793	addons.webextension.screenshots@mozilla.org	WARN	Loading extension 'screenshots@mozilla.org': Reading manifest: Invalid extension permission: mozillaAddons
1560404406793	addons.webextension.screenshots@mozilla.org	WARN	Loading extension 'screenshots@mozilla.org': Reading manifest: Invalid extension permission: resource://pdf.js/
1560404406794	addons.webextension.screenshots@mozilla.org	WARN	Loading extension 'screenshots@mozilla.org': Reading manifest: Invalid extension permission: about:reader*
1560404409847	Marionette	INFO	Listening on port 36867
1560404409934	Marionette	WARN	TLS certificate errors will be ignored for this session
1560404481709	mozrunner::runner	INFO	Running command: "/usr/bin/firefox" "-marionette" "-foreground" "-no-remote" "-profile" "/tmp/rust_mozprofile.ZDGauYRWjgGS"
1560404482225	addons.webextension.screenshots@mozilla.org	WARN	Loading extension 'screenshots@mozilla.org': Reading manifest: Invalid extension permission: mozillaAddons
1560404482226	addons.webextension.screenshots@mozilla.org	WARN	Loading extension 'screenshots@mozilla.org': Reading manifest: Invalid extension permission: resource://pdf.js/
1560404482226	addons.webextension.screenshots@mozilla.org	WARN	Loading extension 'screenshots@mozilla.org': Reading manifest: Invalid extension permission: about:reader*
1560404485113	Marionette	INFO	Listening on port 42943
1560404485128	Marionette	WARN	TLS certificate errors will be ignored for this session
1560404510019	mozrunner::runner	INFO	Running command: "/usr/bin/firefox" "-marionette" "-foreground" "-no-remote" "-profile" "/tmp/rust_mozprofile.Mq7aDWISzbVM"
1560404510533	addons.webextension.screenshots@mozilla.org	WARN	Loading extension 'screenshots@mozilla.org': Reading manifest: Invalid extension permission: mozillaAddons
1560404510533	addons.webextension.screenshots@mozilla.org	WARN	Loading extension 'screenshots@mozilla.org': Reading manifest: Invalid extension permission: resource://pdf.js/
1560404510534	addons.webextension.screenshots@mozilla.org	WARN	Loading extension 'screenshots@mozilla.org': Reading manifest: Invalid extension permission: about:reader*
1560404513686	Marionette	INFO	Listening on port 36561
1560404513730	Marionette	WARN	TLS certificate errors will be ignored for this session
[Parent 14204, Gecko_IOThread] WARNING: pipe error (82): Connection reset by peer: file /build/firefox-gHMaBx/firefox-67.0.1+build1/ipc/chromium/src/chrome/common/ipc_channel_posix.cc, line 357
1560404538503	Marionette	INFO	Stopped listening on port 36561
[Parent 13931, Gecko_IOThread] WARNING: pipe error (98): Connection reset by peer: file /build/firefox-gHMaBx/firefox-67.0.1+build1/ipc/chromium/src/chrome/common/ipc_channel_posix.cc, line 357
1560404549452	Marionette	INFO	Stopped listening on port 42943
console.warn: "Error while detaching the thread front: 'detach' request packet to 'server1.conn0.child1/context19' can't be sent as the connection is closed."
IPDL protocol error: Handler returned error code!

###!!! [Parent][DispatchAsyncMessage] Error: PLayerTransaction::Msg_ReleaseLayer Processing error: message was deserialized, but the handler returned false (indicating failure)

IPDL protocol error: Handler returned error code!

###!!! [Parent][DispatchAsyncMessage] Error: PLayerTransaction::Msg_ReleaseLayer Processing error: message was deserialized, but the handler returned false (indicating failure)

IPDL protocol error: Handler returned error code!

###!!! [Parent][DispatchAsyncMessage] Error: PLayerTransaction::Msg_ReleaseLayer Processing error: message was deserialized, but the handler returned false (indicating failure)

IPDL protocol error: Handler returned error code!

###!!! [Parent][DispatchAsyncMessage] Error: PLayerTransaction::Msg_ReleaseLayer Processing error: message was deserialized, but the handler returned false (indicating failure)

IPDL protocol error: Handler returned error code!

###!!! [Parent][DispatchAsyncMessage] Error: PLayerTransaction::Msg_ReleaseLayer Processing error: message was deserialized, but the handler returned false (indicating failure)

1560404553200	Marionette	INFO	Stopped listening on port 36867
1560404563687	mozrunner::runner	INFO	Running command: "/usr/bin/firefox" "-marionette" "-foreground" "-no-remote" "-profile" "/tmp/rust_mozprofile.fF828XUxzovM"
1560404564787	addons.webextension.screenshots@mozilla.org	WARN	Loading extension 'screenshots@mozilla.org': Reading manifest: Invalid extension permission: mozillaAddons
1560404564788	addons.webextension.screenshots@mozilla.org	WARN	Loading extension 'screenshots@mozilla.org': Reading manifest: Invalid extension permission: resource://pdf.js/
1560404564788	addons.webextension.screenshots@mozilla.org	WARN	Loading extension 'screenshots@mozilla.org': Reading manifest: Invalid extension permission: about:reader*
1560404567802	Marionette	INFO	Listening on port 35461
1560404567853	Marionette	WARN	TLS certificate errors will be ignored for this session
console.error: BroadcastService: 
  receivedBroadcastMessage: handler for
  remote-settings/monitor_changes
  threw error:
  Message: Error: Polling for changes failed: http://%(server)s/dummy/blocklist//buckets/monitor/collections/changes/records?_expected=%221560382670851%22 is not a valid URL..
  Stack:
    remoteSettingsFunction/remoteSettings.pollChanges@resource://services-settings/remote-settings.js:203:13

1560404659605	mozrunner::runner	INFO	Running command: "/usr/bin/firefox" "-marionette" "-foreground" "-no-remote" "-profile" "/tmp/rust_mozprofile.eU0lFLr9ylGn"
1560404660105	addons.webextension.screenshots@mozilla.org	WARN	Loading extension 'screenshots@mozilla.org': Reading manifest: Invalid extension permission: mozillaAddons
1560404660106	addons.webextension.screenshots@mozilla.org	WARN	Loading extension 'screenshots@mozilla.org': Reading manifest: Invalid extension permission: resource://pdf.js/
1560404660106	addons.webextension.screenshots@mozilla.org	WARN	Loading extension 'screenshots@mozilla.org': Reading manifest: Invalid extension permission: about:reader*
1560404662984	Marionette	INFO	Listening on port 39539
1560404663025	Marionette	WARN	TLS certificate errors will be ignored for this session
[Parent 14786, Gecko_IOThread] WARNING: pipe error (96): Connection reset by peer: file /build/firefox-gHMaBx/firefox-67.0.1+build1/ipc/chromium/src/chrome/common/ipc_channel_posix.cc, line 357
1560404683926	Marionette	INFO	Stopped listening on port 39539
[Parent 14504, Gecko_IOThread] WARNING: pipe error (98): Connection reset by peer: file /build/firefox-gHMaBx/firefox-67.0.1+build1/ipc/chromium/src/chrome/common/ipc_channel_posix.cc, line 357
1560404693392	Marionette	INFO	Stopped listening on port 35461
1560404710629	mozrunner::runner	INFO	Running command: "/usr/bin/firefox" "-marionette" "-foreground" "-no-remote" "-profile" "/tmp/rust_mozprofile.CqfAEeaj0pp6"
1560404711132	addons.webextension.screenshots@mozilla.org	WARN	Loading extension 'screenshots@mozilla.org': Reading manifest: Invalid extension permission: mozillaAddons
1560404711133	addons.webextension.screenshots@mozilla.org	WARN	Loading extension 'screenshots@mozilla.org': Reading manifest: Invalid extension permission: resource://pdf.js/
1560404711133	addons.webextension.screenshots@mozilla.org	WARN	Loading extension 'screenshots@mozilla.org': Reading manifest: Invalid extension permission: about:reader*
1560404714506	Marionette	INFO	Listening on port 41393
1560404714550	Marionette	WARN	TLS certificate errors will be ignored for this session
console.error: BroadcastService: 
  receivedBroadcastMessage: handler for
  remote-settings/monitor_changes
  threw error:
  Message: Error: Polling for changes failed: http://%(server)s/dummy/blocklist//buckets/monitor/collections/changes/records?_expected=%221560382670851%22 is not a valid URL..
  Stack:
    remoteSettingsFunction/remoteSettings.pollChanges@resource://services-settings/remote-settings.js:203:13

[Parent 15078, Gecko_IOThread] WARNING: pipe error (125): Connection reset by peer: file /build/firefox-gHMaBx/firefox-67.0.1+build1/ipc/chromium/src/chrome/common/ipc_channel_posix.cc, line 357
1560404744493	Marionette	INFO	Stopped listening on port 41393
1560404991462	mozrunner::runner	INFO	Running command: "/usr/bin/firefox" "-marionette" "-foreground" "-no-remote" "-profile" "/tmp/rust_mozprofile.hc89GNMTUNP4"
1560404991958	addons.webextension.screenshots@mozilla.org	WARN	Loading extension 'screenshots@mozilla.org': Reading manifest: Invalid extension permission: mozillaAddons
1560404991959	addons.webextension.screenshots@mozilla.org	WARN	Loading extension 'screenshots@mozilla.org': Reading manifest: Invalid extension permission: resource://pdf.js/
1560404991959	addons.webextension.screenshots@mozilla.org	WARN	Loading extension 'screenshots@mozilla.org': Reading manifest: Invalid extension permission: about:reader*
1560404994914	Marionette	INFO	Listening on port 36287
1560404994975	Marionette	WARN	TLS certificate errors will be ignored for this session
[Parent 15420, Gecko_IOThread] WARNING: pipe error (110): Connection reset by peer: file /build/firefox-gHMaBx/firefox-67.0.1+build1/ipc/chromium/src/chrome/common/ipc_channel_posix.cc, line 357
1560405034720	Marionette	INFO	Stopped listening on port 36287
1560405036652	mozrunner::runner	INFO	Running command: "/usr/bin/firefox" "-marionette" "-foreground" "-no-remote" "-profile" "/tmp/rust_mozprofile.qhWqmRhFGiIi"
1560405037160	addons.webextension.screenshots@mozilla.org	WARN	Loading extension 'screenshots@mozilla.org': Reading manifest: Invalid extension permission: mozillaAddons
1560405037160	addons.webextension.screenshots@mozilla.org	WARN	Loading extension 'screenshots@mozilla.org': Reading manifest: Invalid extension permission: resource://pdf.js/
1560405037161	addons.webextension.screenshots@mozilla.org	WARN	Loading extension 'screenshots@mozilla.org': Reading manifest: Invalid extension permission: about:reader*
1560405040048	Marionette	INFO	Listening on port 36961
1560405040100	Marionette	WARN	TLS certificate errors will be ignored for this session

(firefox:15713): GVFS-WARNING **: 11:21:11.098: can't init metadata tree /home/rahul/.local/share/gvfs-metadata/home: open: Permission denied

(firefox:15713): GVFS-WARNING **: 11:21:11.098: can't init metadata tree /home/rahul/.local/share/gvfs-metadata/home: open: Permission denied
1560405136165	mozrunner::runner	INFO	Running command: "/usr/bin/firefox" "-marionette" "-foreground" "-no-remote" "-profile" "/tmp/rust_mozprofile.hGr8wwty0xeY"
1560405136666	addons.webextension.screenshots@mozilla.org	WARN	Loading extension 'screenshots@mozilla.org': Reading manifest: Invalid extension permission: mozillaAddons
1560405136666	addons.webextension.screenshots@mozilla.org	WARN	Loading extension 'screenshots@mozilla.org': Reading manifest: Invalid extension permission: resource://pdf.js/
1560405136667	addons.webextension.screenshots@mozilla.org	WARN	Loading extension 'screenshots@mozilla.org': Reading manifest: Invalid extension permission: about:reader*
1560405139821	Marionette	INFO	Listening on port 40811
1560405139881	Marionette	WARN	TLS certificate errors will be ignored for this session
[Parent 15713, Gecko_IOThread] WARNING: pipe error (93): Connection reset by peer: file /build/firefox-gHMaBx/firefox-67.0.1+build1/ipc/chromium/src/chrome/common/ipc_channel_posix.cc, line 357
[Parent 15713, Gecko_IOThread] WARNING: pipe error (79): Connection reset by peer: file /build/firefox-gHMaBx/firefox-67.0.1+build1/ipc/chromium/src/chrome/common/ipc_channel_posix.cc, line 357
1560405258852	Marionette	INFO	Stopped listening on port 36961
1560405297677	mozrunner::runner	INFO	Running command: "/usr/bin/firefox" "-marionette" "-foreground" "-no-remote" "-profile" "/tmp/rust_mozprofile.UIBxkw9M9OJI"
1560405298188	addons.webextension.screenshots@mozilla.org	WARN	Loading extension 'screenshots@mozilla.org': Reading manifest: Invalid extension permission: mozillaAddons
1560405298189	addons.webextension.screenshots@mozilla.org	WARN	Loading extension 'screenshots@mozilla.org': Reading manifest: Invalid extension permission: resource://pdf.js/
1560405298189	addons.webextension.screenshots@mozilla.org	WARN	Loading extension 'screenshots@mozilla.org': Reading manifest: Invalid extension permission: about:reader*
1560405301568	Marionette	INFO	Listening on port 36517
1560405301594	Marionette	WARN	TLS certificate errors will be ignored for this session
console.warn: "Error while detaching the thread front: 'detach' request packet to 'server1.conn0.child1/context19' can't be sent as the connection is closed."
1560405330782	Marionette	INFO	Stopped listening on port 40811
[Parent 16366, Gecko_IOThread] WARNING: pipe error (60): Connection reset by peer: file /build/firefox-gHMaBx/firefox-67.0.1+build1/ipc/chromium/src/chrome/common/ipc_channel_posix.cc, line 357
1560405333412	Marionette	INFO	Stopped listening on port 36517
1560405335168	mozrunner::runner	INFO	Running command: "/usr/bin/firefox" "-marionette" "-foreground" "-no-remote" "-profile" "/tmp/rust_mozprofile.BUWsGskPO7Ov"
1560405335674	addons.webextension.screenshots@mozilla.org	WARN	Loading extension 'screenshots@mozilla.org': Reading manifest: Invalid extension permission: mozillaAddons
1560405335675	addons.webextension.screenshots@mozilla.org	WARN	Loading extension 'screenshots@mozilla.org': Reading manifest: Invalid extension permission: resource://pdf.js/
1560405335675	addons.webextension.screenshots@mozilla.org	WARN	Loading extension 'screenshots@mozilla.org': Reading manifest: Invalid extension permission: about:reader*
1560405338650	Marionette	INFO	Listening on port 43149
1560405338698	Marionette	WARN	TLS certificate errors will be ignored for this session

(firefox:16684): GVFS-WARNING **: 11:25:52.821: can't init metadata tree /home/rahul/.local/share/gvfs-metadata/home: open: Permission denied

(firefox:16684): GVFS-WARNING **: 11:25:52.821: can't init metadata tree /home/rahul/.local/share/gvfs-metadata/home: open: Permission denied
1560405459537	mozrunner::runner	INFO	Running command: "/usr/bin/firefox" "-marionette" "-foreground" "-no-remote" "-profile" "/tmp/rust_mozprofile.Q7TbY7iTAmxP"
1560405460043	addons.webextension.screenshots@mozilla.org	WARN	Loading extension 'screenshots@mozilla.org': Reading manifest: Invalid extension permission: mozillaAddons
1560405460043	addons.webextension.screenshots@mozilla.org	WARN	Loading extension 'screenshots@mozilla.org': Reading manifest: Invalid extension permission: resource://pdf.js/
1560405460044	addons.webextension.screenshots@mozilla.org	WARN	Loading extension 'screenshots@mozilla.org': Reading manifest: Invalid extension permission: about:reader*
1560405463172	Marionette	INFO	Listening on port 46585
1560405463250	Marionette	WARN	TLS certificate errors will be ignored for this session
1560405780106	mozrunner::runner	INFO	Running command: "/usr/bin/firefox" "-marionette" "-foreground" "-no-remote" "-profile" "/tmp/rust_mozprofile.1f4G8YHvKRmX"
1560405780613	addons.webextension.screenshots@mozilla.org	WARN	Loading extension 'screenshots@mozilla.org': Reading manifest: Invalid extension permission: mozillaAddons
1560405780613	addons.webextension.screenshots@mozilla.org	WARN	Loading extension 'screenshots@mozilla.org': Reading manifest: Invalid extension permission: resource://pdf.js/
1560405780613	addons.webextension.screenshots@mozilla.org	WARN	Loading extension 'screenshots@mozilla.org': Reading manifest: Invalid extension permission: about:reader*
1560405783937	Marionette	INFO	Listening on port 38089
1560405784019	Marionette	WARN	TLS certificate errors will be ignored for this session

(firefox:17325): GVFS-WARNING **: 11:33:26.450: can't init metadata tree /home/rahul/.local/share/gvfs-metadata/home: open: Permission denied

(firefox:17325): GVFS-WARNING **: 11:33:26.451: can't init metadata tree /home/rahul/.local/share/gvfs-metadata/home: open: Permission denied
1560405901616	Marionette	INFO	Stopped listening on port 46585
1560405903984	Marionette	INFO	Stopped listening on port 38089
1560405906459	Marionette	INFO	Stopped listening on port 43149
1560406525481	mozrunner::runner	INFO	Running command: "/usr/bin/firefox" "-marionette" "-foreground" "-no-remote" "-profile" "/tmp/rust_mozprofile.QkxGqBY0PhCe"
1560406526707	addons.webextension.screenshots@mozilla.org	WARN	Loading extension 'screenshots@mozilla.org': Reading manifest: Invalid extension permission: mozillaAddons
1560406526707	addons.webextension.screenshots@mozilla.org	WARN	Loading extension 'screenshots@mozilla.org': Reading manifest: Invalid extension permission: resource://pdf.js/
1560406526707	addons.webextension.screenshots@mozilla.org	WARN	Loading extension 'screenshots@mozilla.org': Reading manifest: Invalid extension permission: about:reader*
1560406529938	Marionette	INFO	Listening on port 44199
1560406529999	Marionette	WARN	TLS certificate errors will be ignored for this session
1560407073766	mozrunner::runner	INFO	Running command: "/usr/bin/firefox" "-marionette" "-foreground" "-no-remote" "-profile" "/tmp/rust_mozprofile.ORLe1zL32Pyi"
1560407074279	addons.webextension.screenshots@mozilla.org	WARN	Loading extension 'screenshots@mozilla.org': Reading manifest: Invalid extension permission: mozillaAddons
1560407074279	addons.webextension.screenshots@mozilla.org	WARN	Loading extension 'screenshots@mozilla.org': Reading manifest: Invalid extension permission: resource://pdf.js/
1560407074279	addons.webextension.screenshots@mozilla.org	WARN	Loading extension 'screenshots@mozilla.org': Reading manifest: Invalid extension permission: about:reader*
1560407077448	Marionette	INFO	Listening on port 34327
1560407077482	Marionette	WARN	TLS certificate errors will be ignored for this session

(firefox:18264): GVFS-WARNING **: 11:54:54.169: can't init metadata tree /home/rahul/.local/share/gvfs-metadata/home: open: Permission denied

(firefox:18264): GVFS-WARNING **: 11:54:54.169: can't init metadata tree /home/rahul/.local/share/gvfs-metadata/home: open: Permission denied
[Parent 18264, Gecko_IOThread] WARNING: pipe error (60): Connection reset by peer: file /build/firefox-gHMaBx/firefox-67.0.1+build1/ipc/chromium/src/chrome/common/ipc_channel_posix.cc, line 357
1560407111505	Marionette	INFO	Stopped listening on port 34327
1560407115989	Marionette	INFO	Stopped listening on port 44199
1560413313971	mozrunner::runner	INFO	Running command: "/usr/bin/firefox" "-marionette" "-foreground" "-no-remote" "-profile" "/tmp/rust_mozprofile.k5HFXfJRd5TW"
1560413315344	addons.webextension.screenshots@mozilla.org	WARN	Loading extension 'screenshots@mozilla.org': Reading manifest: Invalid extension permission: mozillaAddons
1560413315344	addons.webextension.screenshots@mozilla.org	WARN	Loading extension 'screenshots@mozilla.org': Reading manifest: Invalid extension permission: resource://pdf.js/
1560413315345	addons.webextension.screenshots@mozilla.org	WARN	Loading extension 'screenshots@mozilla.org': Reading manifest: Invalid extension permission: about:reader*
1560413320342	Marionette	INFO	Listening on port 45663
1560413320609	Marionette	WARN	TLS certificate errors will be ignored for this session
1560413363042	mozrunner::runner	INFO	Running command: "/usr/bin/firefox" "-marionette" "-foreground" "-no-remote" "-profile" "/tmp/rust_mozprofile.CXrFiWVGtO8Q"
1560413363688	addons.webextension.screenshots@mozilla.org	WARN	Loading extension 'screenshots@mozilla.org': Reading manifest: Invalid extension permission: mozillaAddons
1560413363689	addons.webextension.screenshots@mozilla.org	WARN	Loading extension 'screenshots@mozilla.org': Reading manifest: Invalid extension permission: resource://pdf.js/
1560413363689	addons.webextension.screenshots@mozilla.org	WARN	Loading extension 'screenshots@mozilla.org': Reading manifest: Invalid extension permission: about:reader*
1560413367274	Marionette	INFO	Listening on port 45955
1560413367373	Marionette	WARN	TLS certificate errors will be ignored for this session
1560413405024	Marionette	INFO	Stopped listening on port 45663
[Parent 24956, Gecko_IOThread] WARNING: pipe error (87): Connection reset by peer: file /build/firefox-gHMaBx/firefox-67.0.1+build1/ipc/chromium/src/chrome/common/ipc_channel_posix.cc, line 357
1560413407766	Marionette	INFO	Stopped listening on port 45955
1560413489281	mozrunner::runner	INFO	Running command: "/usr/bin/firefox" "-marionette" "-foreground" "-no-remote" "-profile" "/tmp/rust_mozprofile.KFfo06hJPQk6"
1560413489783	addons.webextension.screenshots@mozilla.org	WARN	Loading extension 'screenshots@mozilla.org': Reading manifest: Invalid extension permission: mozillaAddons
1560413489783	addons.webextension.screenshots@mozilla.org	WARN	Loading extension 'screenshots@mozilla.org': Reading manifest: Invalid extension permission: resource://pdf.js/
1560413489784	addons.webextension.screenshots@mozilla.org	WARN	Loading extension 'screenshots@mozilla.org': Reading manifest: Invalid extension permission: about:reader*
1560413492853	Marionette	INFO	Listening on port 40837
1560413492901	Marionette	WARN	TLS certificate errors will be ignored for this session
console.error: BroadcastService: 
  receivedBroadcastMessage: handler for
  remote-settings/monitor_changes
  threw error:
  Message: Error: Polling for changes failed: http://%(server)s/dummy/blocklist//buckets/monitor/collections/changes/records?_expected=%221560382670851%22 is not a valid URL..
  Stack:
    remoteSettingsFunction/remoteSettings.pollChanges@resource://services-settings/remote-settings.js:203:13

[Parent 25487, Gecko_IOThread] WARNING: pipe error (94): Connection reset by peer: file /build/firefox-gHMaBx/firefox-67.0.1+build1/ipc/chromium/src/chrome/common/ipc_channel_posix.cc, line 357
1560413723246	Marionette	INFO	Stopped listening on port 40837
